e:\pb\code\cpp_octree\debug\vc142.pdb
e:\pb\code\cpp_octree\debug\vc142.idb
e:\pb\code\cpp_octree\debug\commonfunc.obj
e:\pb\code\cpp_octree\debug\coctreeutil.obj
e:\pb\code\cpp_octree\debug\coctreeapp.obj
e:\pb\code\cpp_octree\debug\coctree.obj
e:\pb\code\cpp_octree\debug\coctnode.obj
e:\pb\code\cpp_octree\debug\cgeomdata.obj
e:\pb\code\cpp_octree\debug\cfeature.obj
e:\pb\code\cpp_octree\debug\octree_20201212.obj
e:\pb\code\cpp_octree\debug\coctreeofmesh.obj
e:\pb\code\cpp_octree\debug\octree.exe
e:\pb\code\cpp_octree\debug\octree.ilk
e:\pb\code\cpp_octree\debug\octree.pdb
e:\pb\code\cpp_octree\debug\cboundary.obj
e:\pb\code\cpp_octree\debug\cface.obj
e:\pb\code\cpp_octree\debug\cline.obj
e:\pb\code\cpp_octree\debug\ctri.obj
e:\pb\code\cpp_octree\debug\coctnode.obj.enc
e:\pb\code\cpp_octree\debug\coctree.obj.enc
e:\pb\code\cpp_octree\debug\octree.tlog\cl.command.1.tlog
e:\pb\code\cpp_octree\debug\octree.tlog\cl.read.1.tlog
e:\pb\code\cpp_octree\debug\octree.tlog\cl.write.1.tlog
e:\pb\code\cpp_octree\debug\octree.tlog\link.command.1.tlog
e:\pb\code\cpp_octree\debug\octree.tlog\link.read.1.tlog
e:\pb\code\cpp_octree\debug\octree.tlog\link.write.1.tlog
